<?xml version="1.0" encoding="UTF-8"?>
<testsuite name="UserTest" tests="2" skipped="0" failures="0" errors="0" timestamp="2016-05-19T17:03:57" hostname="epicodus-48.local" time="0.141">
  <properties/>
  <testcase name="addImg_InsertsImgIntoDB" classname="UserTest" time="0.102"/>
  <testcase name="getRelativeUpdated" classname="UserTest" time="0.039"/>
  <system-out><![CDATA[]]></system-out>
  <system-err><![CDATA[]]></system-err>
</testsuite>
