<?xml version="1.0" encoding="UTF-8"?>
<testsuite name="UserTest" tests="2" skipped="0" failures="0" errors="0" timestamp="2016-05-20T18:31:04" hostname="epicodus-69.local" time="0.11">
  <properties/>
  <testcase name="user_instantiatesCorrectly" classname="UserTest" time="0.079"/>
  <testcase name="validate_returnsFalseIfBlankFieldsAreEntered" classname="UserTest" time="0.031"/>
  <system-out><![CDATA[]]></system-out>
  <system-err><![CDATA[]]></system-err>
</testsuite>
